<?xml version="1.0" encoding="UTF-8"?>
<!-- Generated by org.testng.reporters.JUnitXMLReporter -->
<testsuite ignored="0" hostname="LAPTOP-HHUMO6R2" failures="0" tests="4" name="Default test" time="0.05" errors="0" timestamp="2021-05-19T20:44:04 IST">
  <testcase classname="frameworkPracticeTestNG.Class4" name="webLogout" time="0.005"/>
  <testcase classname="frameworkPracticeTestNG.Class4" name="apiwebLogout" time="0.001"/>
  <testcase classname="frameworkPracticeTestNG.Class4" name="mobileLogout" time="0.001"/>
  <testcase classname="frameworkPracticeTestNG.Class4" name="mobileLogoutSignout" time="0.001"/>
</testsuite> <!-- Default test -->
