<?xml version="1.0" encoding="UTF-8"?>
<!-- Generated by org.testng.reporters.JUnitXMLReporter -->
<testsuite ignored="1" hostname="LAPTOP-HHUMO6R2" failures="0" tests="2" name="login" time="0.007" errors="0" timestamp="2021-05-19T20:57:15 IST">
  <testcase classname="frameworkPracticeTestNG.Class3" name="webLogin" time="0.001"/>
  <testcase classname="frameworkPracticeTestNG.Class3" name="apiwebLogin" time="0.001"/>
  <testcase classname="frameworkPracticeTestNG.Class3" name="mobileLogin" time="0.0">
    <ignored/>
  </testcase> <!-- mobileLogin -->
</testsuite> <!-- login -->
