<?xml version="1.0" encoding="UTF-8"?>
<!-- Generated by org.testng.reporters.JUnitXMLReporter -->
<testsuite ignored="1" hostname="LAPTOP-HHUMO6R2" failures="0" tests="3" name="logout" time="0.008" errors="0" timestamp="2021-05-19T20:57:15 IST">
  <testcase classname="frameworkPracticeTestNG.Class4" name="apiwebLogout" time="0.001"/>
  <testcase classname="frameworkPracticeTestNG.Class4" name="mobileLogout" time="0.001"/>
  <testcase classname="frameworkPracticeTestNG.Class4" name="mobileLogoutSignout" time="0.001"/>
  <testcase classname="frameworkPracticeTestNG.Class4" name="webLogout" time="0.0">
    <ignored/>
  </testcase> <!-- webLogout -->
</testsuite> <!-- logout -->
