<?xml version="1.0" encoding="UTF-8"?>
<!-- Generated by org.testng.reporters.JUnitXMLReporter -->
<testsuite ignored="0" hostname="LAPTOP-HHUMO6R2" failures="0" tests="9" name="Test" time="0.069" errors="0" timestamp="2021-05-19T20:57:15 IST">
  <testcase classname="frameworkPracticeTestNG.Class1" name="deleteData" time="0.004"/>
  <testcase classname="frameworkPracticeTestNG.Class1" name="firstTest" time="0.001"/>
  <testcase classname="frameworkPracticeTestNG.Class1" name="secondTest" time="0.002"/>
  <testcase classname="frameworkPracticeTestNG.Class1" name="secondTest" time="0.002"/>
  <testcase classname="frameworkPracticeTestNG.Class1" name="secondTest" time="0.002"/>
  <testcase classname="frameworkPracticeTestNG.Class2" name="thirdTest" time="0.001"/>
  <testcase classname="frameworkPracticeTestNG.Class2" name="thirdTest" time="0.001"/>
  <testcase classname="frameworkPracticeTestNG.Class2" name="thirdTest" time="0.001"/>
  <testcase classname="frameworkPracticeTestNG.Class2" name="thirdTest" time="0.001"/>
</testsuite> <!-- Test -->
