<?xml version="1.0" encoding="UTF-8"?>
<testng-results ignored="2" total="16" passed="14" failed="0" skipped="0">
  <reporter-output>
  </reporter-output>
  <suite started-at="2021-05-19T20:57:14 IST" name="Suite" finished-at="2021-05-19T20:57:15 IST" duration-ms="153">
    <groups>
      <group name="Smoke">
        <method signature="Class1.firstTest()[pri:0, instance:frameworkPracticeTestNG.Class1@770d3326]" name="firstTest" class="frameworkPracticeTestNG.Class1"/>
        <method signature="Class3.webLogin(java.lang.String)[pri:0, instance:frameworkPracticeTestNG.Class3@4e096385]" name="webLogin" class="frameworkPracticeTestNG.Class3"/>
      </group> <!-- Smoke -->
    </groups>
    <test started-at="2021-05-19T20:57:14 IST" name="Test" finished-at="2021-05-19T20:57:14 IST" duration-ms="69">
      <class name="frameworkPracticeTestNG.Class1">
        <test-method signature="deleteData()[pri:0, instance:frameworkPracticeTestNG.Class1@770d3326]" started-at="2021-05-19T20:57:14 IST" name="deleteData" finished-at="2021-05-19T20:57:14 IST" duration-ms="4" status="PASS">
          <reporter-output>
          </reporter-output>
        </test-method> <!-- deleteData -->
        <test-method signature="firstTest()[pri:0, instance:frameworkPracticeTestNG.Class1@770d3326]" started-at="2021-05-19T20:57:14 IST" name="firstTest" finished-at="2021-05-19T20:57:14 IST" duration-ms="1" status="PASS">
          <reporter-output>
          </reporter-output>
        </test-method> <!-- firstTest -->
        <test-method signature="secondTest(java.lang.String, java.lang.String)[pri:0, instance:frameworkPracticeTestNG.Class1@770d3326]" started-at="2021-05-19T20:57:14 IST" name="secondTest" data-provider="getData" finished-at="2021-05-19T20:57:14 IST" duration-ms="2" status="PASS">
          <params>
            <param index="0">
              <value>
                <![CDATA[sana]]>
              </value>
            </param>
            <param index="1">
              <value>
                <![CDATA[minni]]>
              </value>
            </param>
          </params>
          <reporter-output>
          </reporter-output>
        </test-method> <!-- secondTest -->
        <test-method signature="secondTest(java.lang.String, java.lang.String)[pri:0, instance:frameworkPracticeTestNG.Class1@770d3326]" started-at="2021-05-19T20:57:14 IST" name="secondTest" data-provider="getData" finished-at="2021-05-19T20:57:14 IST" duration-ms="2" status="PASS">
          <params>
            <param index="0">
              <value>
                <![CDATA[suhail]]>
              </value>
            </param>
            <param index="1">
              <value>
                <![CDATA[tiddu]]>
              </value>
            </param>
          </params>
          <reporter-output>
          </reporter-output>
        </test-method> <!-- secondTest -->
        <test-method signature="secondTest(java.lang.String, java.lang.String)[pri:0, instance:frameworkPracticeTestNG.Class1@770d3326]" started-at="2021-05-19T20:57:14 IST" name="secondTest" data-provider="getData" finished-at="2021-05-19T20:57:14 IST" duration-ms="2" status="PASS">
          <params>
            <param index="0">
              <value>
                <![CDATA[sufiyan]]>
              </value>
            </param>
            <param index="1">
              <value>
                <![CDATA[gingu]]>
              </value>
            </param>
          </params>
          <reporter-output>
          </reporter-output>
        </test-method> <!-- secondTest -->
      </class> <!-- frameworkPracticeTestNG.Class1 -->
      <class name="frameworkPracticeTestNG.Class2">
        <test-method is-config="true" signature="beforeMethod()[pri:0, instance:frameworkPracticeTestNG.Class2@4cc8eb05]" started-at="2021-05-19T20:57:14 IST" name="beforeMethod" finished-at="2021-05-19T20:57:14 IST" duration-ms="0" status="PASS">
          <reporter-output>
          </reporter-output>
        </test-method> <!-- beforeMethod -->
        <test-method signature="thirdTest(java.lang.Object)[pri:0, instance:frameworkPracticeTestNG.Class2@4cc8eb05]" started-at="2021-05-19T20:57:14 IST" name="thirdTest" data-provider="getData" finished-at="2021-05-19T20:57:14 IST" duration-ms="1" status="PASS">
          <params>
            <param index="0">
              <value>
                <![CDATA[mohammed]]>
              </value>
            </param>
          </params>
          <reporter-output>
          </reporter-output>
        </test-method> <!-- thirdTest -->
        <test-method is-config="true" signature="beforeMethod()[pri:0, instance:frameworkPracticeTestNG.Class2@4cc8eb05]" started-at="2021-05-19T20:57:14 IST" name="beforeMethod" finished-at="2021-05-19T20:57:14 IST" duration-ms="1" status="PASS">
          <reporter-output>
          </reporter-output>
        </test-method> <!-- beforeMethod -->
        <test-method is-config="true" signature="afterMethod()[pri:0, instance:frameworkPracticeTestNG.Class2@4cc8eb05]" started-at="2021-05-19T20:57:14 IST" name="afterMethod" finished-at="2021-05-19T20:57:14 IST" duration-ms="0" status="PASS">
          <reporter-output>
          </reporter-output>
        </test-method> <!-- afterMethod -->
        <test-method signature="thirdTest(java.lang.Object)[pri:0, instance:frameworkPracticeTestNG.Class2@4cc8eb05]" started-at="2021-05-19T20:57:14 IST" name="thirdTest" data-provider="getData" finished-at="2021-05-19T20:57:14 IST" duration-ms="1" status="PASS">
          <params>
            <param index="0">
              <value>
                <![CDATA[abdulla]]>
              </value>
            </param>
          </params>
          <reporter-output>
          </reporter-output>
        </test-method> <!-- thirdTest -->
        <test-method is-config="true" signature="afterMethod()[pri:0, instance:frameworkPracticeTestNG.Class2@4cc8eb05]" started-at="2021-05-19T20:57:14 IST" name="afterMethod" finished-at="2021-05-19T20:57:14 IST" duration-ms="0" status="PASS">
          <reporter-output>
          </reporter-output>
        </test-method> <!-- afterMethod -->
        <test-method is-config="true" signature="beforeMethod()[pri:0, instance:frameworkPracticeTestNG.Class2@4cc8eb05]" started-at="2021-05-19T20:57:14 IST" name="beforeMethod" finished-at="2021-05-19T20:57:14 IST" duration-ms="1" status="PASS">
          <reporter-output>
          </reporter-output>
        </test-method> <!-- beforeMethod -->
        <test-method signature="thirdTest(java.lang.Object)[pri:0, instance:frameworkPracticeTestNG.Class2@4cc8eb05]" started-at="2021-05-19T20:57:14 IST" name="thirdTest" data-provider="getData" finished-at="2021-05-19T20:57:14 IST" duration-ms="1" status="PASS">
          <params>
            <param index="0">
              <value>
                <![CDATA[suhail]]>
              </value>
            </param>
          </params>
          <reporter-output>
          </reporter-output>
        </test-method> <!-- thirdTest -->
        <test-method is-config="true" signature="afterMethod()[pri:0, instance:frameworkPracticeTestNG.Class2@4cc8eb05]" started-at="2021-05-19T20:57:14 IST" name="afterMethod" finished-at="2021-05-19T20:57:14 IST" duration-ms="0" status="PASS">
          <reporter-output>
          </reporter-output>
        </test-method> <!-- afterMethod -->
        <test-method is-config="true" signature="beforeMethod()[pri:0, instance:frameworkPracticeTestNG.Class2@4cc8eb05]" started-at="2021-05-19T20:57:14 IST" name="beforeMethod" finished-at="2021-05-19T20:57:14 IST" duration-ms="0" status="PASS">
          <reporter-output>
          </reporter-output>
        </test-method> <!-- beforeMethod -->
        <test-method signature="thirdTest(java.lang.Object)[pri:0, instance:frameworkPracticeTestNG.Class2@4cc8eb05]" started-at="2021-05-19T20:57:14 IST" name="thirdTest" data-provider="getData" finished-at="2021-05-19T20:57:14 IST" duration-ms="1" status="PASS">
          <params>
            <param index="0">
              <value>
                <![CDATA[3]]>
              </value>
            </param>
          </params>
          <reporter-output>
          </reporter-output>
        </test-method> <!-- thirdTest -->
        <test-method is-config="true" signature="closeDb()[pri:0, instance:frameworkPracticeTestNG.Class2@4cc8eb05]" started-at="2021-05-19T20:57:14 IST" name="closeDb" finished-at="2021-05-19T20:57:14 IST" duration-ms="1" status="PASS">
          <reporter-output>
          </reporter-output>
        </test-method> <!-- closeDb -->
        <test-method is-config="true" signature="afterMethod()[pri:0, instance:frameworkPracticeTestNG.Class2@4cc8eb05]" started-at="2021-05-19T20:57:14 IST" name="afterMethod" finished-at="2021-05-19T20:57:14 IST" duration-ms="0" status="PASS">
          <reporter-output>
          </reporter-output>
        </test-method> <!-- afterMethod -->
      </class> <!-- frameworkPracticeTestNG.Class2 -->
    </test> <!-- Test -->
    <test started-at="2021-05-19T20:57:15 IST" name="login" finished-at="2021-05-19T20:57:15 IST" duration-ms="7">
      <class name="frameworkPracticeTestNG.Class3">
        <test-method is-config="true" signature="beforeTest()[pri:0, instance:frameworkPracticeTestNG.Class3@4e096385]" started-at="2021-05-19T20:57:15 IST" name="beforeTest" finished-at="2021-05-19T20:57:15 IST" duration-ms="1" status="PASS">
          <reporter-output>
          </reporter-output>
        </test-method> <!-- beforeTest -->
        <test-method is-config="true" signature="beforeClass()[pri:0, instance:frameworkPracticeTestNG.Class3@4e096385]" started-at="2021-05-19T20:57:15 IST" name="beforeClass" finished-at="2021-05-19T20:57:15 IST" duration-ms="1" status="PASS">
          <reporter-output>
          </reporter-output>
        </test-method> <!-- beforeClass -->
        <test-method signature="webLogin(java.lang.String)[pri:0, instance:frameworkPracticeTestNG.Class3@4e096385]" started-at="2021-05-19T20:57:15 IST" name="webLogin" finished-at="2021-05-19T20:57:15 IST" duration-ms="1" status="PASS">
          <params>
            <param index="0">
              <value>
                <![CDATA[value]]>
              </value>
            </param>
          </params>
          <reporter-output>
          </reporter-output>
        </test-method> <!-- webLogin -->
        <test-method signature="apiwebLogin()[pri:0, instance:frameworkPracticeTestNG.Class3@4e096385]" started-at="2021-05-19T20:57:15 IST" name="apiwebLogin" finished-at="2021-05-19T20:57:15 IST" depends-on-methods="frameworkPracticeTestNG.Class3.webLogin" duration-ms="1" status="PASS">
          <reporter-output>
          </reporter-output>
        </test-method> <!-- apiwebLogin -->
        <test-method is-config="true" signature="afterTest()[pri:0, instance:frameworkPracticeTestNG.Class3@4e096385]" started-at="2021-05-19T20:57:15 IST" name="afterTest" finished-at="2021-05-19T20:57:15 IST" duration-ms="0" status="PASS">
          <reporter-output>
          </reporter-output>
        </test-method> <!-- afterTest -->
        <test-method is-config="true" signature="afterClass()[pri:0, instance:frameworkPracticeTestNG.Class3@4e096385]" started-at="2021-05-19T20:57:15 IST" name="afterClass" finished-at="2021-05-19T20:57:15 IST" duration-ms="0" status="PASS">
          <reporter-output>
          </reporter-output>
        </test-method> <!-- afterClass -->
      </class> <!-- frameworkPracticeTestNG.Class3 -->
    </test> <!-- login -->
    <test started-at="2021-05-19T20:57:15 IST" name="logout" finished-at="2021-05-19T20:57:15 IST" duration-ms="8">
      <class name="frameworkPracticeTestNG.Class4">
        <test-method is-config="true" signature="beforeSuite()[pri:0, instance:frameworkPracticeTestNG.Class4@20f5239f]" started-at="2021-05-19T20:57:14 IST" name="beforeSuite" finished-at="2021-05-19T20:57:14 IST" duration-ms="8" status="PASS">
          <reporter-output>
          </reporter-output>
        </test-method> <!-- beforeSuite -->
        <test-method signature="apiwebLogout()[pri:1, instance:frameworkPracticeTestNG.Class4@20f5239f]" started-at="2021-05-19T20:57:15 IST" name="apiwebLogout" finished-at="2021-05-19T20:57:15 IST" duration-ms="1" status="PASS">
          <reporter-output>
          </reporter-output>
        </test-method> <!-- apiwebLogout -->
        <test-method signature="mobileLogout()[pri:2, instance:frameworkPracticeTestNG.Class4@20f5239f]" started-at="2021-05-19T20:57:15 IST" name="mobileLogout" finished-at="2021-05-19T20:57:15 IST" duration-ms="1" status="PASS">
          <reporter-output>
          </reporter-output>
        </test-method> <!-- mobileLogout -->
        <test-method signature="mobileLogoutSignout()[pri:3, instance:frameworkPracticeTestNG.Class4@20f5239f]" started-at="2021-05-19T20:57:15 IST" name="mobileLogoutSignout" finished-at="2021-05-19T20:57:15 IST" duration-ms="1" status="PASS">
          <reporter-output>
          </reporter-output>
        </test-method> <!-- mobileLogoutSignout -->
        <test-method is-config="true" signature="afterSuite()[pri:0, instance:frameworkPracticeTestNG.Class4@20f5239f]" started-at="2021-05-19T20:57:15 IST" name="afterSuite" finished-at="2021-05-19T20:57:15 IST" duration-ms="0" status="PASS">
          <reporter-output>
          </reporter-output>
        </test-method> <!-- afterSuite -->
      </class> <!-- frameworkPracticeTestNG.Class4 -->
    </test> <!-- logout -->
  </suite> <!-- Suite -->
</testng-results>
